[35m[Appium][39m Welcome to Appium v1.22.3
[35m[Appium][39m Non-default server args:
[35m[Appium][39m   port: 57339
[35m[Appium][39m   loglevel: info
[35m[Appium][39m   tmpDir: C:\Users\SHAZLI~1\AppData\Local\Temp\\Katalon\Appium\Temp1685799394287
[35m[Appium][39m   chromedriverPort: 57340
[35m[Appium][39m Deprecated server args:
[35m[Appium][39m   [31m--chromedriver-port[39m => --default-capabilities
[35m[Appium][39m Default capabilities, which will be added to each request unless overridden by desired capabilities:
[35m[Appium][39m   chromedriverPort: 57340
[35m[Appium][39m Appium REST http interface listener started on 0.0.0.0:57339
[35m[HTTP][39m [37m-->[39m [37mGET[39m [37m/wd/hub/status[39m
[35m[HTTP][39m [90m{}[39m
[35m[HTTP][39m [37m<-- GET /wd/hub/status [39m[32m200[39m [90m16 ms - 68[39m
[35m[HTTP][39m [90m[39m
[35m[HTTP][39m [37m-->[39m [37mGET[39m [37m/wd/hub/status[39m
[35m[HTTP][39m [90m{}[39m
[35m[HTTP][39m [37m<-- GET /wd/hub/status [39m[32m200[39m [90m4 ms - 68[39m
[35m[HTTP][39m [90m[39m
[35m[HTTP][39m [37m-->[39m [37mPOST[39m [37m/wd/hub/session[39m
[35m[HTTP][39m [90m{"desiredCapabilities":{"appActivity":".Settings","appPackage":"com.android.settings","newCommandTimeout":1800,"platformVersion":"9","automationName":"uiautomator2","autoGrantPermissions":true,"platformName":"Android","udid":"04fbb6017d27","deviceName":"Xiaomi Redmi 6 (Android 9)","platform":"ANDROID","systemPort":8259},"capabilities":{"firstMatch":[{"appium:appActivity":".Settings","appium:appPackage":"com.android.settings","appium:autoGrantPermissions":true,"appium:automationName":"uiautomator2","appium:deviceName":"Xiaomi Redmi 6 (Android 9)","appium:newCommandTimeout":1800,"platform":"ANDROID","platformName":"android","appium:platformVersion":"9","appium:systemPort":8259,"appium:udid":"04fbb6017d27"}]}}[39m
[35m[BaseDriver][39m The following capabilities are not standard capabilities and should have an extension prefix:
[35m[BaseDriver][39m   platform
[35m[BaseDriver][39m   chromedriverPort
[35m[Appium][39m Appium v1.22.3 creating new AndroidUiautomator2Driver (v1.70.1) session
[35m[BaseDriver][39m The following capabilities were provided, but are not recognized by Appium:
[35m[BaseDriver][39m   platform
[35m[BaseDriver][39m Session created with session id: 0954f7d8-803b-4127-93e0-d1fece8f82be
[35m[UiAutomator2][39m Starting 'com.android.settings' directly on the device
[35m[ADB][39m Found 1 'build-tools' folders under 'C:\Users\Shazlina-Testbits\.katalon\tools\android_sdk' (newest first):
[35m[ADB][39m     C:/Users/Shazlina-Testbits/.katalon/tools/android_sdk/build-tools/29.0.3
[35m[ADB][39m Using 'adb.exe' from 'C:\Users\Shazlina-Testbits\.katalon\tools\android_sdk\platform-tools\adb.exe'
[35m[AndroidDriver][39m Retrieving device list
[35m[AndroidDriver][39m Using device: 04fbb6017d27
[35m[ADB][39m Using 'adb.exe' from 'C:\Users\Shazlina-Testbits\.katalon\tools\android_sdk\platform-tools\adb.exe'
[35m[ADB][39m Getting device platform version
[35m[UiAutomator2][39m Relaxing hidden api policy
[35m[AndroidDriver][39m No app sent in, not parsing package/activity
[35m[ADB][39m Using 'apksigner.jar' from 'C:\Users\Shazlina-Testbits\.katalon\tools\android_sdk\build-tools\29.0.3\lib\apksigner.jar'
[35m[ADB][39m 'C:\Users\Shazlina-Testbits\AppData\Roaming\npm\node_modules\appium\node_modules\appium-uiautomator2-server\apks\appium-uiautomator2-server-v4.27.0.apk' is signed with the default certificate
[35m[ADB][39m 'C:\Users\Shazlina-Testbits\AppData\Roaming\npm\node_modules\appium\node_modules\appium-uiautomator2-server\apks\appium-uiautomator2-server-debug-androidTest.apk' is signed with the default certificate
[35m[UiAutomator2][39m Server packages are not going to be (re)installed
[35m[ADB][39m Adding packages ["io.appium.settings","io.appium.uiautomator2.server","io.appium.uiautomator2.server.test"] to Doze whitelist
[35m[UiAutomator2][39m Starting UIAutomator2 server 4.27.0
[35m[UiAutomator2][39m Using UIAutomator2 server from 'C:\Users\Shazlina-Testbits\AppData\Roaming\npm\node_modules\appium\node_modules\appium-uiautomator2-server\apks\appium-uiautomator2-server-v4.27.0.apk' and test from 'C:\Users\Shazlina-Testbits\AppData\Roaming\npm\node_modules\appium\node_modules\appium-uiautomator2-server\apks\appium-uiautomator2-server-debug-androidTest.apk'
[35m[UiAutomator2][39m Waiting up to 30000ms for UiAutomator2 to be online...
[35m[WD Proxy][39m socket hang up
[35m[WD Proxy][39m socket hang up
[35m[WD Proxy][39m socket hang up
[35m[WD Proxy][39m socket hang up
[35m[WD Proxy][39m socket hang up
[35m[WD Proxy][39m socket hang up
[35m[WD Proxy][39m socket hang up
[35m[WD Proxy][39m socket hang up
[35m[WD Proxy][39m Determined the downstream protocol as 'W3C'
[35m[AndroidDriver][39m Screen already unlocked, doing nothing
[35m[UiAutomator2][39m Starting 'com.android.settings/.Settings and waiting for 'com.android.settings/.Settings'
[35m[Appium][39m New AndroidUiautomator2Driver session created successfully, session 0954f7d8-803b-4127-93e0-d1fece8f82be added to master session list
[35m[HTTP][39m [37m<-- POST /wd/hub/session [39m[32m200[39m [90m19660 ms - 1149[39m
[35m[HTTP][39m [90m[39m
[35m[HTTP][39m [37m-->[39m [37mGET[39m [37m/wd/hub/session/0954f7d8-803b-4127-93e0-d1fece8f82be[39m
[35m[HTTP][39m [90m{}[39m
[35m[HTTP][39m [37m<-- GET /wd/hub/session/0954f7d8-803b-4127-93e0-d1fece8f82be [39m[32m200[39m [90m41 ms - 1103[39m
[35m[HTTP][39m [90m[39m
[35m[HTTP][39m [37m-->[39m [37mGET[39m [37m/wd/hub/session/0954f7d8-803b-4127-93e0-d1fece8f82be[39m
[35m[HTTP][39m [90m{}[39m
[35m[HTTP][39m [37m<-- GET /wd/hub/session/0954f7d8-803b-4127-93e0-d1fece8f82be [39m[32m200[39m [90m47 ms - 1103[39m
[35m[HTTP][39m [90m[39m
[35m[HTTP][39m [37m-->[39m [37mGET[39m [37m/wd/hub/status[39m
[35m[HTTP][39m [90m{}[39m
[35m[HTTP][39m [37m<-- GET /wd/hub/status [39m[32m200[39m [90m2 ms - 68[39m
[35m[HTTP][39m [90m[39m
[35m[HTTP][39m [37m-->[39m [37mPOST[39m [37m/wd/hub/session/0954f7d8-803b-4127-93e0-d1fece8f82be/timeouts[39m
[35m[HTTP][39m [90m{"implicit":60000}[39m
[35m[HTTP][39m [37m<-- POST /wd/hub/session/0954f7d8-803b-4127-93e0-d1fece8f82be/timeouts [39m[32m200[39m [90m5 ms - 14[39m
[35m[HTTP][39m [90m[39m
[35m[HTTP][39m [37m-->[39m [37mGET[39m [37m/wd/hub/session/0954f7d8-803b-4127-93e0-d1fece8f82be/screenshot[39m
[35m[HTTP][39m [90m{}[39m
[35m[HTTP][39m [37m<-- GET /wd/hub/session/0954f7d8-803b-4127-93e0-d1fece8f82be/screenshot [39m[32m200[39m [90m705 ms - 136968[39m
[35m[HTTP][39m [90m[39m
[35m[HTTP][39m [37m-->[39m [37mGET[39m [37m/wd/hub/session/0954f7d8-803b-4127-93e0-d1fece8f82be/window/rect[39m
[35m[HTTP][39m [90m{}[39m
[35m[HTTP][39m [37m<-- GET /wd/hub/session/0954f7d8-803b-4127-93e0-d1fece8f82be/window/rect [39m[32m200[39m [90m59 ms - 49[39m
[35m[HTTP][39m [90m[39m
[35m[HTTP][39m [37m-->[39m [37mGET[39m [37m/wd/hub/session/0954f7d8-803b-4127-93e0-d1fece8f82be/appium/device/system_bars[39m
[35m[HTTP][39m [90m{}[39m
[35m[HTTP][39m [37m<-- GET /wd/hub/session/0954f7d8-803b-4127-93e0-d1fece8f82be/appium/device/system_bars [39m[32m200[39m [90m233 ms - 145[39m
[35m[HTTP][39m [90m[39m
[35m[HTTP][39m [37m-->[39m [37mPOST[39m [37m/wd/hub/session/0954f7d8-803b-4127-93e0-d1fece8f82be/appium/device/activate_app[39m
[35m[HTTP][39m [90m{"bundleId":"com.socialnmobile.dictapps.notepad.color.note"}[39m
[35m[HTTP][39m [37m<-- POST /wd/hub/session/0954f7d8-803b-4127-93e0-d1fece8f82be/appium/device/activate_app [39m[32m200[39m [90m1046 ms - 14[39m
[35m[HTTP][39m [90m[39m
[35m[HTTP][39m [37m-->[39m [37mGET[39m [37m/wd/hub/session/0954f7d8-803b-4127-93e0-d1fece8f82be/source[39m
[35m[HTTP][39m [90m{}[39m
[35m[W3C (0954f7d8)][39m Driver proxy active, passing request on via HTTP proxy
[35m[WD Proxy][39m Replacing sessionId 47b19485-f0b2-4f62-baa7-2bd23f73fa52 with 0954f7d8-803b-4127-93e0-d1fece8f82be
[35m[HTTP][39m [37m<-- GET /wd/hub/session/0954f7d8-803b-4127-93e0-d1fece8f82be/source [39m[32m200[39m [90m10675 ms - 22405[39m
[35m[HTTP][39m [90m[39m
[35m[HTTP][39m [37m-->[39m [37mGET[39m [37m/wd/hub/session/0954f7d8-803b-4127-93e0-d1fece8f82be/screenshot[39m
[35m[HTTP][39m [90m{}[39m
[35m[HTTP][39m [37m<-- GET /wd/hub/session/0954f7d8-803b-4127-93e0-d1fece8f82be/screenshot [39m[32m200[39m [90m686 ms - 77008[39m
[35m[HTTP][39m [90m[39m
[35m[HTTP][39m [37m-->[39m [37mPOST[39m [37m/wd/hub/session/0954f7d8-803b-4127-93e0-d1fece8f82be/elements[39m
[35m[HTTP][39m [90m{"using":"xpath","value":"//*[@class = 'android.widget.TextView' and (@text = '(6/3/2023)' or . = '(6/3/2023)') and @resource-id = 'com.socialnmobile.dictapps.notepad.color.note:id/title']"}[39m
[35m[HTTP][39m [37m<-- POST /wd/hub/session/0954f7d8-803b-4127-93e0-d1fece8f82be/elements [39m[32m200[39m [90m12036 ms - 139[39m
[35m[HTTP][39m [90m[39m
[35m[HTTP][39m [37m-->[39m [37mGET[39m [37m/wd/hub/session/0954f7d8-803b-4127-93e0-d1fece8f82be/window/rect[39m
[35m[HTTP][39m [90m{}[39m
[35m[HTTP][39m [37m<-- GET /wd/hub/session/0954f7d8-803b-4127-93e0-d1fece8f82be/window/rect [39m[32m200[39m [90m57 ms - 49[39m
[35m[HTTP][39m [90m[39m
[35m[HTTP][39m [37m-->[39m [37mPOST[39m [37m/wd/hub/session/0954f7d8-803b-4127-93e0-d1fece8f82be/elements[39m
[35m[HTTP][39m [90m{"using":"xpath","value":"//*[@class = 'android.widget.TextView' and (@text = '(6/3/2023)' or . = '(6/3/2023)') and @resource-id = 'com.socialnmobile.dictapps.notepad.color.note:id/title']"}[39m
[35m[HTTP][39m [37m<-- POST /wd/hub/session/0954f7d8-803b-4127-93e0-d1fece8f82be/elements [39m[32m200[39m [90m10850 ms - 139[39m
[35m[HTTP][39m [90m[39m
[35m[HTTP][39m [37m-->[39m [37mGET[39m [37m/wd/hub/session/0954f7d8-803b-4127-93e0-d1fece8f82be/element/00000000-0000-0184-ffff-ffff00000147/location[39m
[35m[HTTP][39m [90m{}[39m
[35m[W3C (0954f7d8)][39m Driver proxy active, passing request on via HTTP proxy
[35m[WD Proxy][39m Replacing sessionId 47b19485-f0b2-4f62-baa7-2bd23f73fa52 with 0954f7d8-803b-4127-93e0-d1fece8f82be
[35m[HTTP][39m [37m<-- GET /wd/hub/session/0954f7d8-803b-4127-93e0-d1fece8f82be/element/00000000-0000-0184-ffff-ffff00000147/location [39m[32m200[39m [90m20112 ms - 77[39m
[35m[HTTP][39m [90m[39m
[35m[HTTP][39m [37m-->[39m [37mPOST[39m [37m/wd/hub/session/0954f7d8-803b-4127-93e0-d1fece8f82be/element/00000000-0000-0184-ffff-ffff00000147/click[39m
[35m[HTTP][39m [90m{"id":"00000000-0000-0184-ffff-ffff00000147"}[39m
[35m[HTTP][39m [37m<-- POST /wd/hub/session/0954f7d8-803b-4127-93e0-d1fece8f82be/element/00000000-0000-0184-ffff-ffff00000147/click [39m[32m200[39m [90m30251 ms - 14[39m
[35m[HTTP][39m [90m[39m
[35m[HTTP][39m [37m-->[39m [37mGET[39m [37m/wd/hub/session/0954f7d8-803b-4127-93e0-d1fece8f82be/source[39m
[35m[HTTP][39m [90m{}[39m
[35m[W3C (0954f7d8)][39m Driver proxy active, passing request on via HTTP proxy
[35m[WD Proxy][39m Replacing sessionId 47b19485-f0b2-4f62-baa7-2bd23f73fa52 with 0954f7d8-803b-4127-93e0-d1fece8f82be
[35m[HTTP][39m [37m<-- GET /wd/hub/session/0954f7d8-803b-4127-93e0-d1fece8f82be/source [39m[32m200[39m [90m10397 ms - 14316[39m
[35m[HTTP][39m [90m[39m
[35m[HTTP][39m [37m-->[39m [37mGET[39m [37m/wd/hub/session/0954f7d8-803b-4127-93e0-d1fece8f82be/screenshot[39m
[35m[HTTP][39m [90m{}[39m
[35m[HTTP][39m [37m<-- GET /wd/hub/session/0954f7d8-803b-4127-93e0-d1fece8f82be/screenshot [39m[32m200[39m [90m814 ms - 63870[39m
[35m[HTTP][39m [90m[39m
[35m[HTTP][39m [37m-->[39m [37mPOST[39m [37m/wd/hub/session/0954f7d8-803b-4127-93e0-d1fece8f82be/elements[39m
[35m[HTTP][39m [90m{"using":"xpath","value":"//*[@class = 'android.widget.ImageButton' and @resource-id = 'com.socialnmobile.dictapps.notepad.color.note:id/item_moreoverflow2' and (@text = '' or . = '')]"}[39m
[35m[HTTP][39m [37m<-- POST /wd/hub/session/0954f7d8-803b-4127-93e0-d1fece8f82be/elements [39m[32m200[39m [90m10789 ms - 139[39m
[35m[HTTP][39m [90m[39m
[35m[HTTP][39m [37m-->[39m [37mGET[39m [37m/wd/hub/session/0954f7d8-803b-4127-93e0-d1fece8f82be/window/rect[39m
[35m[HTTP][39m [90m{}[39m
[35m[HTTP][39m [37m<-- GET /wd/hub/session/0954f7d8-803b-4127-93e0-d1fece8f82be/window/rect [39m[32m200[39m [90m69 ms - 49[39m
[35m[HTTP][39m [90m[39m
[35m[HTTP][39m [37m-->[39m [37mPOST[39m [37m/wd/hub/session/0954f7d8-803b-4127-93e0-d1fece8f82be/elements[39m
[35m[HTTP][39m [90m{"using":"xpath","value":"//*[@class = 'android.widget.ImageButton' and @resource-id = 'com.socialnmobile.dictapps.notepad.color.note:id/item_moreoverflow2' and (@text = '' or . = '')]"}[39m
[35m[HTTP][39m [37m<-- POST /wd/hub/session/0954f7d8-803b-4127-93e0-d1fece8f82be/elements [39m[32m200[39m [90m10518 ms - 139[39m
[35m[HTTP][39m [90m[39m
[35m[HTTP][39m [37m-->[39m [37mGET[39m [37m/wd/hub/session/0954f7d8-803b-4127-93e0-d1fece8f82be/element/00000000-0000-0185-ffff-ffff00000165/location[39m
[35m[HTTP][39m [90m{}[39m
[35m[W3C (0954f7d8)][39m Driver proxy active, passing request on via HTTP proxy
[35m[WD Proxy][39m Replacing sessionId 47b19485-f0b2-4f62-baa7-2bd23f73fa52 with 0954f7d8-803b-4127-93e0-d1fece8f82be
[35m[HTTP][39m [37m<-- GET /wd/hub/session/0954f7d8-803b-4127-93e0-d1fece8f82be/element/00000000-0000-0185-ffff-ffff00000165/location [39m[32m200[39m [90m20126 ms - 78[39m
[35m[HTTP][39m [90m[39m
[35m[HTTP][39m [37m-->[39m [37mPOST[39m [37m/wd/hub/session/0954f7d8-803b-4127-93e0-d1fece8f82be/element/00000000-0000-0185-ffff-ffff00000165/click[39m
[35m[HTTP][39m [90m{"id":"00000000-0000-0185-ffff-ffff00000165"}[39m
[35m[HTTP][39m [37m<-- POST /wd/hub/session/0954f7d8-803b-4127-93e0-d1fece8f82be/element/00000000-0000-0185-ffff-ffff00000165/click [39m[32m200[39m [90m30275 ms - 14[39m
[35m[HTTP][39m [90m[39m
[35m[HTTP][39m [37m-->[39m [37mGET[39m [37m/wd/hub/session/0954f7d8-803b-4127-93e0-d1fece8f82be/source[39m
[35m[HTTP][39m [90m{}[39m
[35m[W3C (0954f7d8)][39m Driver proxy active, passing request on via HTTP proxy
[35m[WD Proxy][39m Replacing sessionId 47b19485-f0b2-4f62-baa7-2bd23f73fa52 with 0954f7d8-803b-4127-93e0-d1fece8f82be
[35m[HTTP][39m [37m<-- GET /wd/hub/session/0954f7d8-803b-4127-93e0-d1fece8f82be/source [39m[32m200[39m [90m10412 ms - 12005[39m
[35m[HTTP][39m [90m[39m
[35m[HTTP][39m [37m-->[39m [37mGET[39m [37m/wd/hub/session/0954f7d8-803b-4127-93e0-d1fece8f82be/screenshot[39m
[35m[HTTP][39m [90m{}[39m
[35m[HTTP][39m [37m<-- GET /wd/hub/session/0954f7d8-803b-4127-93e0-d1fece8f82be/screenshot [39m[32m200[39m [90m1147 ms - 95998[39m
[35m[HTTP][39m [90m[39m
[35m[HTTP][39m [37m-->[39m [37mGET[39m [37m/wd/hub/session/0954f7d8-803b-4127-93e0-d1fece8f82be/context[39m
[35m[HTTP][39m [90m{}[39m
[35m[HTTP][39m [37m<-- GET /wd/hub/session/0954f7d8-803b-4127-93e0-d1fece8f82be/context [39m[32m200[39m [90m16 ms - 22[39m
[35m[HTTP][39m [90m[39m
[35m[HTTP][39m [37m-->[39m [37mGET[39m [37m/wd/hub/session/0954f7d8-803b-4127-93e0-d1fece8f82be/contexts[39m
[35m[HTTP][39m [90m{}[39m
[35m[HTTP][39m [37m<-- GET /wd/hub/session/0954f7d8-803b-4127-93e0-d1fece8f82be/contexts [39m[32m200[39m [90m407 ms - 24[39m
[35m[HTTP][39m [90m[39m
[35m[HTTP][39m [37m-->[39m [37mPOST[39m [37m/wd/hub/session/0954f7d8-803b-4127-93e0-d1fece8f82be/context[39m
[35m[HTTP][39m [90m{"name":"NATIVE_APP"}[39m
[35m[HTTP][39m [37m<-- POST /wd/hub/session/0954f7d8-803b-4127-93e0-d1fece8f82be/context [39m[32m200[39m [90m4 ms - 14[39m
[35m[HTTP][39m [90m[39m
[35m[HTTP][39m [37m-->[39m [37mPOST[39m [37m/wd/hub/session/0954f7d8-803b-4127-93e0-d1fece8f82be/appium/device/press_keycode[39m
[35m[HTTP][39m [90m{"keycode":4}[39m
[35m[HTTP][39m [37m<-- POST /wd/hub/session/0954f7d8-803b-4127-93e0-d1fece8f82be/appium/device/press_keycode [39m[32m200[39m [90m10126 ms - 14[39m
[35m[HTTP][39m [90m[39m
[35m[HTTP][39m [37m-->[39m [37mPOST[39m [37m/wd/hub/session/0954f7d8-803b-4127-93e0-d1fece8f82be/context[39m
[35m[HTTP][39m [90m{"name":"NATIVE_APP"}[39m
[35m[HTTP][39m [37m<-- POST /wd/hub/session/0954f7d8-803b-4127-93e0-d1fece8f82be/context [39m[32m200[39m [90m2 ms - 14[39m
[35m[HTTP][39m [90m[39m
[35m[HTTP][39m [37m-->[39m [37mGET[39m [37m/wd/hub/session/0954f7d8-803b-4127-93e0-d1fece8f82be/source[39m
[35m[HTTP][39m [90m{}[39m
[35m[W3C (0954f7d8)][39m Driver proxy active, passing request on via HTTP proxy
[35m[WD Proxy][39m Replacing sessionId 47b19485-f0b2-4f62-baa7-2bd23f73fa52 with 0954f7d8-803b-4127-93e0-d1fece8f82be
[35m[HTTP][39m [37m<-- GET /wd/hub/session/0954f7d8-803b-4127-93e0-d1fece8f82be/source [39m[32m200[39m [90m10337 ms - 14316[39m
[35m[HTTP][39m [90m[39m
[35m[HTTP][39m [37m-->[39m [37mGET[39m [37m/wd/hub/session/0954f7d8-803b-4127-93e0-d1fece8f82be/screenshot[39m
[35m[HTTP][39m [90m{}[39m
[35m[HTTP][39m [37m<-- GET /wd/hub/session/0954f7d8-803b-4127-93e0-d1fece8f82be/screenshot [39m[32m200[39m [90m713 ms - 64436[39m
[35m[HTTP][39m [90m[39m
[35m[HTTP][39m [37m-->[39m [37mPOST[39m [37m/wd/hub/session/0954f7d8-803b-4127-93e0-d1fece8f82be/elements[39m
[35m[HTTP][39m [90m{"using":"xpath","value":"//*[@class = 'android.widget.TextView' and (@text = 'Checklist Kereta' or . = 'Checklist Kereta') and @resource-id = 'com.socialnmobile.dictapps.notepad.color.note:id/text']"}[39m
[35m[HTTP][39m [37m<-- POST /wd/hub/session/0954f7d8-803b-4127-93e0-d1fece8f82be/elements [39m[32m200[39m [90m10573 ms - 139[39m
[35m[HTTP][39m [90m[39m
[35m[HTTP][39m [37m-->[39m [37mGET[39m [37m/wd/hub/session/0954f7d8-803b-4127-93e0-d1fece8f82be/window/rect[39m
[35m[HTTP][39m [90m{}[39m
[35m[HTTP][39m [37m<-- GET /wd/hub/session/0954f7d8-803b-4127-93e0-d1fece8f82be/window/rect [39m[32m200[39m [90m36 ms - 49[39m
[35m[HTTP][39m [90m[39m
[35m[HTTP][39m [37m-->[39m [37mPOST[39m [37m/wd/hub/session/0954f7d8-803b-4127-93e0-d1fece8f82be/elements[39m
[35m[HTTP][39m [90m{"using":"xpath","value":"//*[@class = 'android.widget.TextView' and (@text = 'Checklist Kereta' or . = 'Checklist Kereta') and @resource-id = 'com.socialnmobile.dictapps.notepad.color.note:id/text']"}[39m
[35m[HTTP][39m [37m<-- POST /wd/hub/session/0954f7d8-803b-4127-93e0-d1fece8f82be/elements [39m[32m200[39m [90m10399 ms - 139[39m
[35m[HTTP][39m [90m[39m
[35m[HTTP][39m [37m-->[39m [37mGET[39m [37m/wd/hub/session/0954f7d8-803b-4127-93e0-d1fece8f82be/element/00000000-0000-0185-ffff-ffff00000169/location[39m
[35m[HTTP][39m [90m{}[39m
[35m[W3C (0954f7d8)][39m Driver proxy active, passing request on via HTTP proxy
[35m[WD Proxy][39m Replacing sessionId 47b19485-f0b2-4f62-baa7-2bd23f73fa52 with 0954f7d8-803b-4127-93e0-d1fece8f82be
[35m[HTTP][39m [37m<-- GET /wd/hub/session/0954f7d8-803b-4127-93e0-d1fece8f82be/element/00000000-0000-0185-ffff-ffff00000169/location [39m[32m200[39m [90m20123 ms - 76[39m
[35m[HTTP][39m [90m[39m
[35m[HTTP][39m [37m-->[39m [37mPOST[39m [37m/wd/hub/session/0954f7d8-803b-4127-93e0-d1fece8f82be/element/00000000-0000-0185-ffff-ffff00000169/click[39m
[35m[HTTP][39m [90m{"id":"00000000-0000-0185-ffff-ffff00000169"}[39m
[35m[HTTP][39m [37m<-- POST /wd/hub/session/0954f7d8-803b-4127-93e0-d1fece8f82be/element/00000000-0000-0185-ffff-ffff00000169/click [39m[32m200[39m [90m30332 ms - 14[39m
[35m[HTTP][39m [90m[39m
[35m[HTTP][39m [37m-->[39m [37mGET[39m [37m/wd/hub/session/0954f7d8-803b-4127-93e0-d1fece8f82be/source[39m
[35m[HTTP][39m [90m{}[39m
[35m[W3C (0954f7d8)][39m Driver proxy active, passing request on via HTTP proxy
[35m[WD Proxy][39m Replacing sessionId 47b19485-f0b2-4f62-baa7-2bd23f73fa52 with 0954f7d8-803b-4127-93e0-d1fece8f82be
[35m[HTTP][39m [37m<-- GET /wd/hub/session/0954f7d8-803b-4127-93e0-d1fece8f82be/source [39m[32m200[39m [90m10337 ms - 13809[39m
[35m[HTTP][39m [90m[39m
[35m[HTTP][39m [37m-->[39m [37mGET[39m [37m/wd/hub/session/0954f7d8-803b-4127-93e0-d1fece8f82be/screenshot[39m
[35m[HTTP][39m [90m{}[39m
[35m[HTTP][39m [37m<-- GET /wd/hub/session/0954f7d8-803b-4127-93e0-d1fece8f82be/screenshot [39m[32m200[39m [90m843 ms - 62700[39m
[35m[HTTP][39m [90m[39m
[35m[HTTP][39m [37m-->[39m [37mPOST[39m [37m/wd/hub/session/0954f7d8-803b-4127-93e0-d1fece8f82be/elements[39m
[35m[HTTP][39m [90m{"using":"xpath","value":"//*[@class = 'android.widget.ImageButton' and @resource-id = 'com.socialnmobile.dictapps.notepad.color.note:id/menu_btn' and (@text = '' or . = '')]"}[39m
[35m[HTTP][39m [37m<-- POST /wd/hub/session/0954f7d8-803b-4127-93e0-d1fece8f82be/elements [39m[32m200[39m [90m10464 ms - 139[39m
[35m[HTTP][39m [90m[39m
[35m[HTTP][39m [37m-->[39m [37mGET[39m [37m/wd/hub/session/0954f7d8-803b-4127-93e0-d1fece8f82be/window/rect[39m
[35m[HTTP][39m [90m{}[39m
[35m[HTTP][39m [37m<-- GET /wd/hub/session/0954f7d8-803b-4127-93e0-d1fece8f82be/window/rect [39m[32m200[39m [90m34 ms - 49[39m
[35m[HTTP][39m [90m[39m
[35m[HTTP][39m [37m-->[39m [37mPOST[39m [37m/wd/hub/session/0954f7d8-803b-4127-93e0-d1fece8f82be/elements[39m
[35m[HTTP][39m [90m{"using":"xpath","value":"//*[@class = 'android.widget.ImageButton' and @resource-id = 'com.socialnmobile.dictapps.notepad.color.note:id/menu_btn' and (@text = '' or . = '')]"}[39m
[35m[HTTP][39m [37m<-- POST /wd/hub/session/0954f7d8-803b-4127-93e0-d1fece8f82be/elements [39m[32m200[39m [90m10347 ms - 139[39m
[35m[HTTP][39m [90m[39m
[35m[HTTP][39m [37m-->[39m [37mGET[39m [37m/wd/hub/session/0954f7d8-803b-4127-93e0-d1fece8f82be/element/00000000-0000-0185-ffff-ffff00000162/location[39m
[35m[HTTP][39m [90m{}[39m
[35m[W3C (0954f7d8)][39m Driver proxy active, passing request on via HTTP proxy
[35m[WD Proxy][39m Replacing sessionId 47b19485-f0b2-4f62-baa7-2bd23f73fa52 with 0954f7d8-803b-4127-93e0-d1fece8f82be
[35m[HTTP][39m [37m<-- GET /wd/hub/session/0954f7d8-803b-4127-93e0-d1fece8f82be/element/00000000-0000-0185-ffff-ffff00000162/location [39m[32m200[39m [90m20227 ms - 77[39m
[35m[HTTP][39m [90m[39m
[35m[HTTP][39m [37m-->[39m [37mPOST[39m [37m/wd/hub/session/0954f7d8-803b-4127-93e0-d1fece8f82be/element/00000000-0000-0185-ffff-ffff00000162/click[39m
[35m[HTTP][39m [90m{"id":"00000000-0000-0185-ffff-ffff00000162"}[39m
[35m[HTTP][39m [37m<-- POST /wd/hub/session/0954f7d8-803b-4127-93e0-d1fece8f82be/element/00000000-0000-0185-ffff-ffff00000162/click [39m[32m200[39m [90m30244 ms - 14[39m
[35m[HTTP][39m [90m[39m
[35m[HTTP][39m [37m-->[39m [37mGET[39m [37m/wd/hub/session/0954f7d8-803b-4127-93e0-d1fece8f82be/source[39m
[35m[HTTP][39m [90m{}[39m
[35m[W3C (0954f7d8)][39m Driver proxy active, passing request on via HTTP proxy
[35m[WD Proxy][39m Replacing sessionId 47b19485-f0b2-4f62-baa7-2bd23f73fa52 with 0954f7d8-803b-4127-93e0-d1fece8f82be
[35m[HTTP][39m [37m<-- GET /wd/hub/session/0954f7d8-803b-4127-93e0-d1fece8f82be/source [39m[32m200[39m [90m10347 ms - 14498[39m
[35m[HTTP][39m [90m[39m
[35m[HTTP][39m [37m-->[39m [37mGET[39m [37m/wd/hub/session/0954f7d8-803b-4127-93e0-d1fece8f82be/screenshot[39m
[35m[HTTP][39m [90m{}[39m
[35m[HTTP][39m [37m<-- GET /wd/hub/session/0954f7d8-803b-4127-93e0-d1fece8f82be/screenshot [39m[32m200[39m [90m771 ms - 84326[39m
[35m[HTTP][39m [90m[39m
[35m[HTTP][39m [37m-->[39m [37mPOST[39m [37m/wd/hub/session/0954f7d8-803b-4127-93e0-d1fece8f82be/elements[39m
[35m[HTTP][39m [90m{"using":"xpath","value":"//*[@class = 'android.widget.LinearLayout' and (@text = '' or . = '')]"}[39m
[35m[HTTP][39m [37m<-- POST /wd/hub/session/0954f7d8-803b-4127-93e0-d1fece8f82be/elements [39m[32m200[39m [90m10518 ms - 907[39m
[35m[HTTP][39m [90m[39m
[35m[HTTP][39m [37m-->[39m [37mPOST[39m [37m/wd/hub/session/0954f7d8-803b-4127-93e0-d1fece8f82be/elements[39m
[35m[HTTP][39m [90m{"using":"-android uiautomator","value":"new UiSelector().className(\"android.widget.LinearLayout\")"}[39m
[35m[HTTP][39m [37m<-- POST /wd/hub/session/0954f7d8-803b-4127-93e0-d1fece8f82be/elements [39m[32m200[39m [90m91217 ms - 907[39m
[35m[HTTP][39m [90m[39m
[35m[HTTP][39m [37m-->[39m [37mGET[39m [37m/wd/hub/session/0954f7d8-803b-4127-93e0-d1fece8f82be/window/rect[39m
[35m[HTTP][39m [90m{}[39m
[35m[HTTP][39m [37m<-- GET /wd/hub/session/0954f7d8-803b-4127-93e0-d1fece8f82be/window/rect [39m[32m200[39m [90m39 ms - 49[39m
[35m[HTTP][39m [90m[39m
[35m[HTTP][39m [37m-->[39m [37mPOST[39m [37m/wd/hub/session/0954f7d8-803b-4127-93e0-d1fece8f82be/elements[39m
[35m[HTTP][39m [90m{"using":"xpath","value":"//hierarchy/android.widget.FrameLayout[1]/android.widget.FrameLayout[1]/android.widget.ListView[1]/android.widget.LinearLayout[7]"}[39m
[35m[HTTP][39m [37m<-- POST /wd/hub/session/0954f7d8-803b-4127-93e0-d1fece8f82be/elements [39m[32m200[39m [90m10395 ms - 139[39m
[35m[HTTP][39m [90m[39m
[35m[HTTP][39m [37m-->[39m [37mGET[39m [37m/wd/hub/session/0954f7d8-803b-4127-93e0-d1fece8f82be/element/00000000-0000-0187-ffff-ffff000001b2/location[39m
[35m[HTTP][39m [90m{}[39m
[35m[W3C (0954f7d8)][39m Driver proxy active, passing request on via HTTP proxy
[35m[WD Proxy][39m Replacing sessionId 47b19485-f0b2-4f62-baa7-2bd23f73fa52 with 0954f7d8-803b-4127-93e0-d1fece8f82be
[35m[HTTP][39m [37m<-- GET /wd/hub/session/0954f7d8-803b-4127-93e0-d1fece8f82be/element/00000000-0000-0187-ffff-ffff000001b2/location [39m[32m200[39m [90m20125 ms - 78[39m
[35m[HTTP][39m [90m[39m
[35m[HTTP][39m [37m-->[39m [37mPOST[39m [37m/wd/hub/session/0954f7d8-803b-4127-93e0-d1fece8f82be/element/00000000-0000-0187-ffff-ffff000001b2/click[39m
[35m[HTTP][39m [90m{"id":"00000000-0000-0187-ffff-ffff000001b2"}[39m
[35m[HTTP][39m [37m<-- POST /wd/hub/session/0954f7d8-803b-4127-93e0-d1fece8f82be/element/00000000-0000-0187-ffff-ffff000001b2/click [39m[32m200[39m [90m30267 ms - 14[39m
[35m[HTTP][39m [90m[39m
[35m[HTTP][39m [37m-->[39m [37mGET[39m [37m/wd/hub/session/0954f7d8-803b-4127-93e0-d1fece8f82be/source[39m
[35m[HTTP][39m [90m{}[39m
[35m[W3C (0954f7d8)][39m Driver proxy active, passing request on via HTTP proxy
[35m[WD Proxy][39m Replacing sessionId 47b19485-f0b2-4f62-baa7-2bd23f73fa52 with 0954f7d8-803b-4127-93e0-d1fece8f82be
[35m[HTTP][39m [37m<-- GET /wd/hub/session/0954f7d8-803b-4127-93e0-d1fece8f82be/source [39m[32m200[39m [90m10306 ms - 9073[39m
[35m[HTTP][39m [90m[39m
[35m[HTTP][39m [37m-->[39m [37mGET[39m [37m/wd/hub/session/0954f7d8-803b-4127-93e0-d1fece8f82be/screenshot[39m
[35m[HTTP][39m [90m{}[39m
[35m[HTTP][39m [37m<-- GET /wd/hub/session/0954f7d8-803b-4127-93e0-d1fece8f82be/screenshot [39m[32m200[39m [90m782 ms - 80718[39m
[35m[HTTP][39m [90m[39m
[35m[HTTP][39m [37m-->[39m [37mPOST[39m [37m/wd/hub/session/0954f7d8-803b-4127-93e0-d1fece8f82be/elements[39m
[35m[HTTP][39m [90m{"using":"xpath","value":"//*[@class = 'android.widget.Button' and (@text = 'OK' or . = 'OK') and @resource-id = 'android:id/button1']"}[39m
[35m[HTTP][39m [37m<-- POST /wd/hub/session/0954f7d8-803b-4127-93e0-d1fece8f82be/elements [39m[32m200[39m [90m10431 ms - 139[39m
[35m[HTTP][39m [90m[39m
[35m[HTTP][39m [37m-->[39m [37mGET[39m [37m/wd/hub/session/0954f7d8-803b-4127-93e0-d1fece8f82be/window/rect[39m
[35m[HTTP][39m [90m{}[39m
[35m[HTTP][39m [37m<-- GET /wd/hub/session/0954f7d8-803b-4127-93e0-d1fece8f82be/window/rect [39m[32m200[39m [90m43 ms - 49[39m
[35m[HTTP][39m [90m[39m
[35m[HTTP][39m [37m-->[39m [37mPOST[39m [37m/wd/hub/session/0954f7d8-803b-4127-93e0-d1fece8f82be/elements[39m
[35m[HTTP][39m [90m{"using":"xpath","value":"//*[@class = 'android.widget.Button' and (@text = 'OK' or . = 'OK') and @resource-id = 'android:id/button1']"}[39m
[35m[HTTP][39m [37m<-- POST /wd/hub/session/0954f7d8-803b-4127-93e0-d1fece8f82be/elements [39m[32m200[39m [90m10413 ms - 139[39m
[35m[HTTP][39m [90m[39m
[35m[HTTP][39m [37m-->[39m [37mGET[39m [37m/wd/hub/session/0954f7d8-803b-4127-93e0-d1fece8f82be/element/00000000-0000-0188-ffff-ffff000001d8/location[39m
[35m[HTTP][39m [90m{}[39m
[35m[W3C (0954f7d8)][39m Driver proxy active, passing request on via HTTP proxy
[35m[WD Proxy][39m Replacing sessionId 47b19485-f0b2-4f62-baa7-2bd23f73fa52 with 0954f7d8-803b-4127-93e0-d1fece8f82be
[35m[HTTP][39m [37m<-- GET /wd/hub/session/0954f7d8-803b-4127-93e0-d1fece8f82be/element/00000000-0000-0188-ffff-ffff000001d8/location [39m[32m200[39m [90m20077 ms - 78[39m
[35m[HTTP][39m [90m[39m
[35m[HTTP][39m [37m-->[39m [37mPOST[39m [37m/wd/hub/session/0954f7d8-803b-4127-93e0-d1fece8f82be/element/00000000-0000-0188-ffff-ffff000001d8/click[39m
[35m[HTTP][39m [90m{"id":"00000000-0000-0188-ffff-ffff000001d8"}[39m
[35m[HTTP][39m [37m<-- POST /wd/hub/session/0954f7d8-803b-4127-93e0-d1fece8f82be/element/00000000-0000-0188-ffff-ffff000001d8/click [39m[32m200[39m [90m30210 ms - 14[39m
[35m[HTTP][39m [90m[39m
[35m[HTTP][39m [37m-->[39m [37mGET[39m [37m/wd/hub/session/0954f7d8-803b-4127-93e0-d1fece8f82be/source[39m
[35m[HTTP][39m [90m{}[39m
[35m[W3C (0954f7d8)][39m Driver proxy active, passing request on via HTTP proxy
[35m[WD Proxy][39m Replacing sessionId 47b19485-f0b2-4f62-baa7-2bd23f73fa52 with 0954f7d8-803b-4127-93e0-d1fece8f82be
[35m[HTTP][39m [37m<-- GET /wd/hub/session/0954f7d8-803b-4127-93e0-d1fece8f82be/source [39m[32m200[39m [90m10429 ms - 20884[39m
[35m[HTTP][39m [90m[39m
[35m[HTTP][39m [37m-->[39m [37mGET[39m [37m/wd/hub/session/0954f7d8-803b-4127-93e0-d1fece8f82be/screenshot[39m
[35m[HTTP][39m [90m{}[39m
[35m[HTTP][39m [37m<-- GET /wd/hub/session/0954f7d8-803b-4127-93e0-d1fece8f82be/screenshot [39m[32m200[39m [90m735 ms - 71440[39m
[35m[HTTP][39m [90m[39m
[35m[HTTP][39m [37m-->[39m [37mGET[39m [37m/wd/hub/session/0954f7d8-803b-4127-93e0-d1fece8f82be/context[39m
[35m[HTTP][39m [90m{}[39m
[35m[HTTP][39m [37m<-- GET /wd/hub/session/0954f7d8-803b-4127-93e0-d1fece8f82be/context [39m[32m200[39m [90m2 ms - 22[39m
[35m[HTTP][39m [90m[39m
[35m[HTTP][39m [37m-->[39m [37mGET[39m [37m/wd/hub/session/0954f7d8-803b-4127-93e0-d1fece8f82be/contexts[39m
[35m[HTTP][39m [90m{}[39m
[35m[HTTP][39m [37m<-- GET /wd/hub/session/0954f7d8-803b-4127-93e0-d1fece8f82be/contexts [39m[32m200[39m [90m251 ms - 24[39m
[35m[HTTP][39m [90m[39m
[35m[HTTP][39m [37m-->[39m [37mPOST[39m [37m/wd/hub/session/0954f7d8-803b-4127-93e0-d1fece8f82be/context[39m
[35m[HTTP][39m [90m{"name":"NATIVE_APP"}[39m
[35m[HTTP][39m [37m<-- POST /wd/hub/session/0954f7d8-803b-4127-93e0-d1fece8f82be/context [39m[32m200[39m [90m2 ms - 14[39m
[35m[HTTP][39m [90m[39m
[35m[HTTP][39m [37m-->[39m [37mPOST[39m [37m/wd/hub/session/0954f7d8-803b-4127-93e0-d1fece8f82be/appium/device/press_keycode[39m
[35m[HTTP][39m [90m{"keycode":4}[39m
[35m[HTTP][39m [37m<-- POST /wd/hub/session/0954f7d8-803b-4127-93e0-d1fece8f82be/appium/device/press_keycode [39m[32m200[39m [90m10187 ms - 14[39m
[35m[HTTP][39m [90m[39m
[35m[HTTP][39m [37m-->[39m [37mPOST[39m [37m/wd/hub/session/0954f7d8-803b-4127-93e0-d1fece8f82be/context[39m
[35m[HTTP][39m [90m{"name":"NATIVE_APP"}[39m
[35m[HTTP][39m [37m<-- POST /wd/hub/session/0954f7d8-803b-4127-93e0-d1fece8f82be/context [39m[32m200[39m [90m2 ms - 14[39m
[35m[HTTP][39m [90m[39m
[35m[HTTP][39m [37m-->[39m [37mGET[39m [37m/wd/hub/session/0954f7d8-803b-4127-93e0-d1fece8f82be/source[39m
[35m[HTTP][39m [90m{}[39m
[35m[W3C (0954f7d8)][39m Driver proxy active, passing request on via HTTP proxy
[35m[WD Proxy][39m Replacing sessionId 47b19485-f0b2-4f62-baa7-2bd23f73fa52 with 0954f7d8-803b-4127-93e0-d1fece8f82be
[35m[HTTP][39m [37m<-- GET /wd/hub/session/0954f7d8-803b-4127-93e0-d1fece8f82be/source [39m[32m200[39m [90m10825 ms - 33442[39m
[35m[HTTP][39m [90m[39m
[35m[HTTP][39m [37m-->[39m [37mGET[39m [37m/wd/hub/session/0954f7d8-803b-4127-93e0-d1fece8f82be/screenshot[39m
[35m[HTTP][39m [90m{}[39m
[35m[HTTP][39m [37m<-- GET /wd/hub/session/0954f7d8-803b-4127-93e0-d1fece8f82be/screenshot [39m[32m200[39m [90m837 ms - 135984[39m
[35m[HTTP][39m [90m[39m
[35m[HTTP][39m [37m-->[39m [37mDELETE[39m [37m/wd/hub/session/0954f7d8-803b-4127-93e0-d1fece8f82be[39m
[35m[HTTP][39m [90m{}[39m
[35m[Appium][39m Removing session 0954f7d8-803b-4127-93e0-d1fece8f82be from our master session list
[35m[UiAutomator2][39m Restoring hidden api policy to the device default configuration
[35m[HTTP][39m [37m<-- DELETE /wd/hub/session/0954f7d8-803b-4127-93e0-d1fece8f82be [39m[32m200[39m [90m894 ms - 14[39m
[35m[HTTP][39m [90m[39m
